Active-HDL 9.3.2745.4995  2014-12-01 4:14:03 AM

Elaboration top modules:
Architecture                  multiply(multiply)


------------------------------------------------------------------------------------------
Entity   | Architecture | Library | Info | Compiler Version         | Compilation Options
------------------------------------------------------------------------------------------
multiply | multiply     | project |      | 9.3.2745.4995  (Windows) | -O3
------------------------------------------------------------------------------------------

------------------------------------------------------------------------------------------
VHDL Package            | Library | Info | Compiler Version         | Compilation Options
------------------------------------------------------------------------------------------
standard                | std     |      |                          | 
TEXTIO                  | std     |      | 9.3.2745.4995  (Windows) |  -2008
std_logic_1164          | ieee    |      | 9.3.2745.4995  (Windows) |  -2008
NUMERIC_STD             | ieee    |      | 9.3.2745.4995  (Windows) |  -2008
------------------------------------------------------------------------------------------

------------------------------------------------------------------------------------------
Library                 | Comment
------------------------------------------------------------------------------------------
ieee                    | Standard IEEE packages library
project                 | None
std                     | Standard VHDL library
------------------------------------------------------------------------------------------
